[スキップ] achebe_things_fall_apart
[スキップ] manfaluti_nazarat
[スキップ] shidyaq_saq_ala_saq
[スキップ] tahtawi_nihayat_ijaz
[スキップ] tahtawi_paris_travelogue
[スキップ] yaziji_majmac_bahrayn
[スキップ] zaynab_fawwaz_durr_manthur
[スキップ] confucius_analects
[スキップ] dream_red_chamber
[スキップ] laozi_tao_te_ching
[スキップ] shijing_guofeng
[スキップ] sima_qian_shiji
[スキップ] water_margin
[スキップ] zhuangzi_inner_chapters
[スキップ] harper_iola_leroy
[スキップ] hopkins_of_one_blood
[スキップ] jacobs_incidents_slave_girl
[スキップ] austen_pride_prejudice
[スキップ] browning_aurora_leigh
[スキップ] camus_stranger
[スキップ] cervantes_don_quixote
[スキップ] charlotte_bronte_jane_eyre
[スキップ] chopin_awakening
[スキップ] colette_cheri
[スキップ] dante_divine_comedy
[スキップ] dante_inferno
[スキップ] defoe_robinson_crusoe
[スキップ] dickens_great_expectations
[スキップ] dostoevsky_crime_punishment
[スキップ] eliot_middlemarch
[スキップ] emily_bronte_wuthering_heights
  [コンパイル] flaubert_madame_bovary...
  [保存] flaubert_madame_bovary.md
  [コンパイル] gilman_yellow_wallpaper...
  [保存] gilman_yellow_wallpaper.md
  [コンパイル] goethe_faust...
  [保存] goethe_faust.md
  [コンパイル] goethe_werther...
  [保存] goethe_werther.md
  [コンパイル] homer_iliad...
  [保存] homer_iliad.md
  [コンパイル] homer_odyssey...
  [保存] homer_odyssey.md
  [コンパイル] hugo_les_miserables...
  [保存] hugo_les_miserables.md
  [コンパイル] joyce_dubliners...
  [保存] joyce_dubliners.md
  [コンパイル] joyce_ulysses...
  [保存] joyce_ulysses.md
  [コンパイル] kafka_metamorphosis...
  [保存] kafka_metamorphosis.md
  [コンパイル] kafka_trial...
    [429] レートリミット。15秒後にリトライ (1/5)...
  [保存] kafka_trial.md
  [コンパイル] mann_magic_mountain...
  [保存] mann_magic_mountain.md
  [コンパイル] proust_swanns_way...
  [保存] proust_swanns_way.md
  [コンパイル] rossetti_goblin_market...
  [保存] rossetti_goblin_market.md
  [コンパイル] rousseau_confessions...
  [保存] rousseau_confessions.md
  [コンパイル] sappho_poems...
  [保存] sappho_poems.md
  [コンパイル] schreiner_african_farm...
  [保存] schreiner_african_farm.md
  [コンパイル] shakespeare_hamlet...
  [保存] shakespeare_hamlet.md
  [コンパイル] shelley_frankenstein...
  [保存] shelley_frankenstein.md
  [コンパイル] sophocles_oedipus...
  [保存] sophocles_oedipus.md
  [コンパイル] sophocles_oedipus_rex...
  [保存] sophocles_oedipus_rex.md
  [コンパイル] swift_gullivers_travels...
  [保存] swift_gullivers_travels.md
  [コンパイル] tolstoy_anna_karenina...
  [保存] tolstoy_anna_karenina.md
  [コンパイル] tolstoy_war_and_peace...
  [保存] tolstoy_war_and_peace.md
  [コンパイル] virgil_aeneid...
  [保存] virgil_aeneid.md
  [コンパイル] voltaire_candide...
  [保存] voltaire_candide.md
  [コンパイル] wharton_house_of_mirth...
  [保存] wharton_house_of_mirth.md
  [コンパイル] woolf_mrs_dalloway...
  [保存] woolf_mrs_dalloway.md
  [コンパイル] brhadaranyaka_upanishad...
  [保存] brhadaranyaka_upanishad.md
  [コンパイル] kalidasa_shakuntala...
  [保存] kalidasa_shakuntala.md
  [コンパイル] mahabharata_bhagavad_gita...
  [保存] mahabharata_bhagavad_gita.md
  [コンパイル] panchatantra...
  [保存] panchatantra.md
  [コンパイル] valmiki_ramayana...
  [保存] valmiki_ramayana.md
  [コンパイル] akutagawa_rashomon...
  [保存] akutagawa_rashomon.md
  [コンパイル] basho_oku_no_hosomichi...
  [保存] basho_oku_no_hosomichi.md
  [コンパイル] chikamatsu_sonezaki_shinju...
  [保存] chikamatsu_sonezaki_shinju.md
  [コンパイル] futabatei_ukigumo...
  [保存] futabatei_ukigumo.md
  [コンパイル] genji_monogatari...
  [保存] genji_monogatari.md
  [コンパイル] higuchi_takekurabe...
  [保存] higuchi_takekurabe.md
  [コンパイル] izumi_koyasei...
  [保存] izumi_koyasei.md
  [コンパイル] jippensha_hizakurige...
  [保存] jippensha_hizakurige.md
  [コンパイル] koda_gojunoto...
  [保存] koda_gojunoto.md
  [コンパイル] miyazawa_galaxy_railroad...
  [保存] miyazawa_galaxy_railroad.md
  [コンパイル] mori_takasebune...
  [保存] mori_takasebune.md
  [コンパイル] ozaki_konjiki_yasha...
  [保存] ozaki_konjiki_yasha.md
  [コンパイル] saikaku_koshoku...
  [保存] saikaku_koshoku.md
  [コンパイル] sei_makura_no_soshi...
  [保存] sei_makura_no_soshi.md
  [コンパイル] tsubouchi_shosei_katagi...
  [保存] tsubouchi_shosei_katagi.md
  [コンパイル] ueda_ugetsu_monogatari...
  [保存] ueda_ugetsu_monogatari.md
  [コンパイル] yosano_midaregami...
  [保存] yosano_midaregami.md
  [コンパイル] yosano_onnararashisa...
  [保存] yosano_onnararashisa.md
  [コンパイル] borges_ficciones...
  [保存] borges_ficciones.md
  [コンパイル] marquez_hundred_years...
  [保存] marquez_hundred_years.md
[スキップ] myths_mexico_peru
[スキップ] popol_vuh
  [コンパイル] sor_juana_poemas...
  [保存] sor_juana_poemas.md
  [コンパイル] arabian_nights...
  [保存] arabian_nights.md
[スキップ] gilgamesh_epic
  [コンパイル] omar_khayyam_rubaiyat...
  [保存] omar_khayyam_rubaiyat.md
[スキップ] iroquois_book_of_rites
[スキップ] north_american_indian_myths
[スキップ] sioux_myths_legends
[スキップ] australian_legendary_tales_parker
[スキップ] polynesian_mythology_grey

=== 完了 === 成功:56 / スキップ:39 / 失敗:0
  [コンパイル] mori_takasebune...
  [保存] mori_takasebune.md
  [コンパイル] ozaki_konjiki_yasha...
  [保存] ozaki_konjiki_yasha.md
  [コンパイル] saikaku_koshoku...
  [保存] saikaku_koshoku.md
  [コンパイル] sei_makura_no_soshi...
  [保存] sei_makura_no_soshi.md
  [コンパイル] tsubouchi_shosei_katagi...
  [保存] tsubouchi_shosei_katagi.md
  [コンパイル] ueda_ugetsu_monogatari...
  [保存] ueda_ugetsu_monogatari.md
  [コンパイル] yosano_midaregami...
  [保存] yosano_midaregami.md
  [コンパイル] yosano_onnararashisa...
  [保存] yosano_onnararashisa.md
  [コンパイル] borges_ficciones...
  [保存] borges_ficciones.md
  [コンパイル] marquez_hundred_years...
  [保存] marquez_hundred_years.md
[スキップ] myths_mexico_peru
[スキップ] popol_vuh
  [コンパイル] sor_juana_poemas...
  [保存] sor_juana_poemas.md
  [コンパイル] arabian_nights...
  [保存] arabian_nights.md
[スキップ] gilgamesh_epic
  [コンパイル] omar_khayyam_rubaiyat...
  [保存] omar_khayyam_rubaiyat.md

=== 完了 === 成功:87 / スキップ:3 / 失敗:0
